Loading db file '/eda/dk/nangate45/synopsys/NangateOpenCellLibrary_typical_ecsm_nowlm.db'
Information: Propagating switching activity (low effort zero delay simulation). (PWR-6)
Warning: Design has unannotated primary inputs. (PWR-414)
Warning: Design has unannotated sequential cell outputs. (PWR-415)
 
****************************************
Report : power
        -analysis_effort low
Design : FIR_Filter
Version: S-2021.06-SP4
Date   : Mon Nov 20 17:59:38 2023
****************************************


Library(s) Used:

    NangateOpenCellLibrary (File: /eda/dk/nangate45/synopsys/NangateOpenCellLibrary_typical_ecsm_nowlm.db)


Operating Conditions: typical   Library: NangateOpenCellLibrary
Wire Load Model Mode: top

Design        Wire Load Model            Library
------------------------------------------------
FIR_Filter             5K_hvratio_1_1    NangateOpenCellLibrary


Global Operating Voltage = 1.1  
Power-specific unit information :
    Voltage Units = 1V
    Capacitance Units = 1.000000ff
    Time Units = 1ns
    Dynamic Power Units = 1uW    (derived from V,C,T units)
    Leakage Power Units = 1nW


  Cell Internal Power  = 449.3328 uW   (57%)
  Net Switching Power  = 336.0511 uW   (43%)
                         ---------
Total Dynamic Power    = 785.3839 uW  (100%)

Cell Leakage Power     =  91.5266 uW


                 Internal         Switching           Leakage            Total
Power Group      Power            Power               Power              Power   (   %    )  Attrs
--------------------------------------------------------------------------------------------------
io_pad             0.0000            0.0000            0.0000            0.0000  (   0.00%)
memory             0.0000            0.0000            0.0000            0.0000  (   0.00%)
black_box          0.0000            0.0000            0.0000            0.0000  (   0.00%)
clock_network      4.8107           48.2608           58.3688           53.1298  (   6.06%)
register         172.8328           12.6455        8.4104e+03          193.8888  (  22.11%)
sequential         0.0000            0.0000            0.0000            0.0000  (   0.00%)
combinational    271.6893          275.1449        8.3058e+04          629.8917  (  71.83%)
--------------------------------------------------------------------------------------------------
Total            449.3328 uW       336.0512 uW     9.1527e+04 nW       876.9103 uW
1
