 
****************************************
Report : area
Design : FIR_Filter
Version: S-2021.06-SP4
Date   : Mon Oct 30 17:42:16 2023
****************************************

Library(s) Used:

    NangateOpenCellLibrary (File: /eda/dk/nangate45/synopsys/NangateOpenCellLibrary_typical_ecsm_nowlm.db)

Number of ports:                          659
Number of nets:                          3937
Number of cells:                         3108
Number of combinational cells:           2984
Number of sequential cells:                99
Number of macros/black boxes:               0
Number of buf/inv:                        543
Number of references:                      28

Combinational area:               4114.221989
Buf/Inv area:                      347.662000
Noncombinational area:             528.808017
Macro/Black Box area:                0.000000
Net Interconnect area:      undefined  (Wire load has zero net area)

Total cell area:                  4643.030006
Total area:                 undefined
1
