 
****************************************
Report : area
Design : FIR_Filter_adv
Version: S-2021.06-SP4
Date   : Sun Nov 19 11:45:11 2023
****************************************

Library(s) Used:

    NangateOpenCellLibrary (File: /eda/dk/nangate45/synopsys/NangateOpenCellLibrary_typical_ecsm_nowlm.db)

Number of ports:                          143
Number of nets:                          8781
Number of cells:                         7804
Number of combinational cells:           7285
Number of sequential cells:               493
Number of macros/black boxes:               0
Number of buf/inv:                        972
Number of references:                      29

Combinational area:              10835.509988
Buf/Inv area:                      574.028000
Noncombinational area:            2647.498088
Macro/Black Box area:                0.000000
Net Interconnect area:      undefined  (Wire load has zero net area)

Total cell area:                 13483.008075
Total area:                 undefined
1
