 
****************************************
Report : area
Design : FIR_Filter
Version: S-2021.06-SP4
Date   : Mon Nov 20 17:59:36 2023
****************************************

Library(s) Used:

    NangateOpenCellLibrary (File: /eda/dk/nangate45/synopsys/NangateOpenCellLibrary_typical_ecsm_nowlm.db)

Number of ports:                          107
Number of nets:                          3031
Number of cells:                         2648
Number of combinational cells:           2536
Number of sequential cells:               101
Number of macros/black boxes:               0
Number of buf/inv:                        354
Number of references:                      31

Combinational area:               3779.327991
Buf/Inv area:                      223.705999
Noncombinational area:             539.714018
Macro/Black Box area:                0.000000
Net Interconnect area:      undefined  (Wire load has zero net area)

Total cell area:                  4319.042008
Total area:                 undefined
1
