 
****************************************
Report : area
Design : fpnew_top
Version: S-2021.06-SP4
Date   : Thu Nov 30 19:08:02 2023
****************************************

Library(s) Used:

    NangateOpenCellLibrary (File: /eda/dk/nangate45/synopsys/NangateOpenCellLibrary_typical_ecsm_nowlm.db)

Number of ports:                          469
Number of nets:                          3943
Number of cells:                         3427
Number of combinational cells:           3267
Number of sequential cells:               140
Number of macros/black boxes:               0
Number of buf/inv:                        887
Number of references:                      52

Combinational area:               3458.797996
Buf/Inv area:                      555.141999
Noncombinational area:             747.992024
Macro/Black Box area:                0.000000
Net Interconnect area:      undefined  (Wire load has zero net area)

Total cell area:                  4206.790020
Total area:                 undefined
1
