 
****************************************
Report : area
Design : fpnew_top
Version: S-2021.06-SP4
Date   : Sun Dec  3 19:33:12 2023
****************************************

Library(s) Used:

    NangateOpenCellLibrary (File: /eda/dk/nangate45/synopsys/NangateOpenCellLibrary_typical_ecsm_nowlm.db)

Number of ports:                          469
Number of nets:                          2984
Number of cells:                         2443
Number of combinational cells:           2283
Number of sequential cells:               140
Number of macros/black boxes:               0
Number of buf/inv:                        562
Number of references:                      49

Combinational area:               2678.087996
Buf/Inv area:                      344.469999
Noncombinational area:             747.460024
Macro/Black Box area:                0.000000
Net Interconnect area:      undefined  (Wire load has zero net area)

Total cell area:                  3425.548020
Total area:                 undefined
1
