Loading db file '/eda/dk/nangate45/synopsys/NangateOpenCellLibrary_typical_ecsm_nowlm.db'
Information: Propagating switching activity (low effort zero delay simulation). (PWR-6)
Warning: Design has unannotated primary inputs. (PWR-414)
Warning: Design has unannotated sequential cell outputs. (PWR-415)
 
****************************************
Report : power
        -analysis_effort low
Design : fpnew_top
Version: S-2021.06-SP4
Date   : Sun Dec  3 19:33:15 2023
****************************************


Library(s) Used:

    NangateOpenCellLibrary (File: /eda/dk/nangate45/synopsys/NangateOpenCellLibrary_typical_ecsm_nowlm.db)


Operating Conditions: typical   Library: NangateOpenCellLibrary
Wire Load Model Mode: top

Design        Wire Load Model            Library
------------------------------------------------
fpnew_top              5K_hvratio_1_1    NangateOpenCellLibrary


Global Operating Voltage = 1.1  
Power-specific unit information :
    Voltage Units = 1V
    Capacitance Units = 1.000000ff
    Time Units = 1ns
    Dynamic Power Units = 1uW    (derived from V,C,T units)
    Leakage Power Units = 1nW


  Cell Internal Power  = 353.1313 uW   (96%)
  Net Switching Power  =  15.3276 uW    (4%)
                         ---------
Total Dynamic Power    = 368.4589 uW  (100%)

Cell Leakage Power     =  74.5830 uW


                 Internal         Switching           Leakage            Total
Power Group      Power            Power               Power              Power   (   %    )  Attrs
--------------------------------------------------------------------------------------------------
io_pad             0.0000            0.0000            0.0000            0.0000  (   0.00%)
memory             0.0000            0.0000            0.0000            0.0000  (   0.00%)
black_box          0.0000            0.0000            0.0000            0.0000  (   0.00%)
clock_network      0.0000            0.0000            0.0000            0.0000  (   0.00%)
register         344.8619            0.7158        1.1198e+04          356.7753  (  80.53%)
sequential         0.0000            0.0000            0.0000            0.0000  (   0.00%)
combinational      8.2693           14.6118        6.3386e+04           86.2666  (  19.47%)
--------------------------------------------------------------------------------------------------
Total            353.1312 uW        15.3276 uW     7.4583e+04 nW       443.0419 uW
1
