 
****************************************
Report : resources
Design : fpnew_top
Version: S-2021.06-SP4
Date   : Sun Dec  3 18:57:34 2023
****************************************

Resource Sharing Report for design fpnew_top in file
        ./cvfpu_lite/src/fpnew_top.sv

===============================================================================
|          |              |            | Contained     |                      |
| Resource | Module       | Parameters | Resources     | Contained Operations |
===============================================================================
| r702     | DW01_cmp2    | width=3    |               | gen_operation_groups[0].i_opgroup_block/i_arbiter/gt_208_G4 |
|               |                      |
|          |              |            |               | gen_operation_groups[0].i_opgroup_block/i_arbiter/lte_209_G4 |
| r703     | DW01_cmp2    | width=3    |               | gen_operation_groups[1].i_opgroup_block/i_arbiter/gt_208_G4 |
|               |                      |
|          |              |            |               | gen_operation_groups[1].i_opgroup_block/i_arbiter/lte_209_G4 |
| r704     | DW01_cmp2    | width=3    |               | gen_operation_groups[2].i_opgroup_block/i_arbiter/gt_208_G4 |
|               |                      |
|          |              |            |               | gen_operation_groups[2].i_opgroup_block/i_arbiter/lte_209_G4 |
| r705     | DW01_cmp2    | width=3    |               | gen_operation_groups[3].i_opgroup_block/i_arbiter/gt_208_G4 |
|               |                      |
|          |              |            |               | gen_operation_groups[3].i_opgroup_block/i_arbiter/lte_209_G4 |
| r706     | DW01_cmp2    | width=2    |               | i_arbiter/gt_208_G4  |
|          |              |            |               | i_arbiter/lte_209_G4 |
| r736     | DW01_add     | width=7    |               | gen_operation_groups[0].i_opgroup_block/gen_parallel_slices[2].active_format.i_fmt_slice/gen_num_lanes[0].active_lane.lane_instance.i_fma/add_285 |
| r744     | DW01_sub     | width=7    |               | gen_operation_groups[0].i_opgroup_block/gen_parallel_slices[2].active_format.i_fmt_slice/gen_num_lanes[0].active_lane.lane_instance.i_fma/sub_293 |
| r746     | DW_cmp       | width=7    |               | gen_operation_groups[0].i_opgroup_block/gen_parallel_slices[2].active_format.i_fmt_slice/gen_num_lanes[0].active_lane.lane_instance.i_fma/gt_295 |
| r748     | DW_cmp       | width=7    |               | gen_operation_groups[0].i_opgroup_block/gen_parallel_slices[2].active_format.i_fmt_slice/gen_num_lanes[0].active_lane.lane_instance.i_fma/lte_302 |
| r750     | DW_cmp       | width=7    |               | gen_operation_groups[0].i_opgroup_block/gen_parallel_slices[2].active_format.i_fmt_slice/gen_num_lanes[0].active_lane.lane_instance.i_fma/lte_305 |
| r752     | DW01_sub     | width=6    |               | gen_operation_groups[0].i_opgroup_block/gen_parallel_slices[2].active_format.i_fmt_slice/gen_num_lanes[0].active_lane.lane_instance.i_fma/sub_306 |
| r756     | DW_rightsh   | A_width=48 |               | gen_operation_groups[0].i_opgroup_block/gen_parallel_slices[2].active_format.i_fmt_slice/gen_num_lanes[0].active_lane.lane_instance.i_fma/srl_349 |
|
|          |              | SH_width=6 |               |                      |
| r760     | DW01_sub     | width=37   |               | gen_operation_groups[0].i_opgroup_block/gen_parallel_slices[2].active_format.i_fmt_slice/gen_num_lanes[0].active_lane.lane_instance.i_fma/sub_372 |
| r762     | DW_cmp       | width=7    |               | gen_operation_groups[0].i_opgroup_block/gen_parallel_slices[2].active_format.i_fmt_slice/gen_num_lanes[0].active_lane.lane_instance.i_fma/lte_510 |
| r764     | DW_cmp       | width=7    |               | gen_operation_groups[0].i_opgroup_block/gen_parallel_slices[2].active_format.i_fmt_slice/gen_num_lanes[0].active_lane.lane_instance.i_fma/lte_510_2 |
| r770     | DW_cmp       | width=9    |               | gen_operation_groups[0].i_opgroup_block/gen_parallel_slices[2].active_format.i_fmt_slice/gen_num_lanes[0].active_lane.lane_instance.i_fma/gte_512 |
| r772     | DW01_add     | width=6    |               | gen_operation_groups[0].i_opgroup_block/gen_parallel_slices[2].active_format.i_fmt_slice/gen_num_lanes[0].active_lane.lane_instance.i_fma/add_514 |
| r778     | DW01_add     | width=6    |               | gen_operation_groups[0].i_opgroup_block/gen_parallel_slices[2].active_format.i_fmt_slice/gen_num_lanes[0].active_lane.lane_instance.i_fma/add_519 |
| r780     | DW_leftsh    | A_width=38 |               | gen_operation_groups[0].i_opgroup_block/gen_parallel_slices[2].active_format.i_fmt_slice/gen_num_lanes[0].active_lane.lane_instance.i_fma/sll_530 |
|
|          |              | SH_width=6 |               |                      |
| r782     | DW_cmp       | width=7    |               | gen_operation_groups[0].i_opgroup_block/gen_parallel_slices[2].active_format.i_fmt_slice/gen_num_lanes[0].active_lane.lane_instance.i_fma/gt_547 |
| r784     | DW01_inc     | width=7    |               | gen_operation_groups[0].i_opgroup_block/gen_parallel_slices[2].active_format.i_fmt_slice/gen_num_lanes[0].active_lane.lane_instance.i_fma/add_542 |
| r786     | DW01_dec     | width=7    |               | gen_operation_groups[0].i_opgroup_block/gen_parallel_slices[2].active_format.i_fmt_slice/gen_num_lanes[0].active_lane.lane_instance.i_fma/sub_549 |
| r788     | DW_cmp       | width=7    |               | gen_operation_groups[0].i_opgroup_block/gen_parallel_slices[2].active_format.i_fmt_slice/gen_num_lanes[0].active_lane.lane_instance.i_fma/gte_576 |
| r790     | DW01_add     | width=15   |               | gen_operation_groups[0].i_opgroup_block/gen_parallel_slices[2].active_format.i_fmt_slice/gen_num_lanes[0].active_lane.lane_instance.i_fma/i_fpnew_rounding/add_63 |
| r1518    | DW01_add     | width=7    |               | add_1_root_add_1_root_gen_operation_groups[0].i_opgroup_block/gen_parallel_slices[2].active_format.i_fmt_slice/gen_num_lanes[0].active_lane.lane_instance.i_fma/sub_287 |
| r1520    | DW01_sub     | width=7    |               | sub_2_root_add_1_root_gen_operation_groups[0].i_opgroup_block/gen_parallel_slices[2].active_format.i_fmt_slice/gen_num_lanes[0].active_lane.lane_instance.i_fma/sub_287 |
| r1522    | DW01_add     | width=7    |               | add_0_root_add_1_root_gen_operation_groups[0].i_opgroup_block/gen_parallel_slices[2].active_format.i_fmt_slice/gen_num_lanes[0].active_lane.lane_instance.i_fma/sub_287 |
| r2242    | DW01_sub     | width=8    |               | sub_1_root_gen_operation_groups[0].i_opgroup_block/gen_parallel_slices[2].active_format.i_fmt_slice/gen_num_lanes[0].active_lane.lane_instance.i_fma/add_512 |
| r2244    | DW01_inc     | width=9    |               | add_0_root_gen_operation_groups[0].i_opgroup_block/gen_parallel_slices[2].active_format.i_fmt_slice/gen_num_lanes[0].active_lane.lane_instance.i_fma/add_512 |
| r2964    | DW01_sub     | width=7    |               | sub_1_root_gen_operation_groups[0].i_opgroup_block/gen_parallel_slices[2].active_format.i_fmt_slice/gen_num_lanes[0].active_lane.lane_instance.i_fma/add_515 |
| r2966    | DW01_inc     | width=7    |               | add_0_root_gen_operation_groups[0].i_opgroup_block/gen_parallel_slices[2].active_format.i_fmt_slice/gen_num_lanes[0].active_lane.lane_instance.i_fma/add_515 |
| r3686    | DW_mult_uns  | a_width=11 |               | gen_operation_groups[0].i_opgroup_block/gen_parallel_slices[2].active_format.i_fmt_slice/gen_num_lanes[0].active_lane.lane_instance.i_fma/mult_325 |
|
|          |              | b_width=11 |               |                      |
| r3688    | DW01_add     | width=38   |               | add_1_root_gen_operation_groups[0].i_opgroup_block/gen_parallel_slices[2].active_format.i_fmt_slice/gen_num_lanes[0].active_lane.lane_instance.i_fma/add_368_2 |
===============================================================================


Implementation Report
===============================================================================
|                    |                  | Current            | Set            |
| Cell               | Module           | Implementation     | Implementation |
===============================================================================
| sub_1_root_gen_operation_groups_0__i_opgroup_block_gen_parallel_slices_2__active_format_i_fmt_slice_gen_num_lanes_0__active_lane_lane_instance_i_fma_add_515 |
|                    | DW01_sub         | pparch (speed)     |                |
| sub_1_root_gen_operation_groups_0__i_opgroup_block_gen_parallel_slices_2__active_format_i_fmt_slice_gen_num_lanes_0__active_lane_lane_instance_i_fma_add_512 |
|                    | DW01_sub         | pparch (area,speed)                 |
| gen_operation_groups_0__i_opgroup_block_gen_parallel_slices_2__active_format_i_fmt_slice_gen_num_lanes_0__active_lane_lane_instance_i_fma_sub_372 |
|                    | DW01_sub         | pparch (speed)     |                |
| add_1_root_gen_operation_groups_0__i_opgroup_block_gen_parallel_slices_2__active_format_i_fmt_slice_gen_num_lanes_0__active_lane_lane_instance_i_fma_add_368_2 |
|                    | DW01_add         | pparch (speed)     |                |
| gen_operation_groups_0__i_opgroup_block_gen_parallel_slices_2__active_format_i_fmt_slice_gen_num_lanes_0__active_lane_lane_instance_i_fma_sub_293 |
|                    | DW01_sub         | pparch (area,speed)                 |
| gen_operation_groups_0__i_opgroup_block_gen_parallel_slices_2__active_format_i_fmt_slice_gen_num_lanes_0__active_lane_lane_instance_i_fma_mult_325 |
|                    | DW_mult_uns      | apparch (area)     |                |
|                    |                  | mult_arch: benc_radix4              |
| gen_operation_groups_0__i_opgroup_block_gen_parallel_slices_2__active_format_i_fmt_slice_gen_num_lanes_0__active_lane_lane_instance_i_fma_add_542 |
|                    | DW01_inc         | rpl                |                |
===============================================================================

1
