Information: Propagating switching activity (low effort zero delay simulation). (PWR-6)
Warning: Design has unannotated primary inputs. (PWR-414)
 
****************************************
Report : power
        -analysis_effort low
Design : fpnew_top
Version: S-2021.06-SP4
Date   : Sun Dec  3 18:57:33 2023
****************************************


Library(s) Used:

    NangateOpenCellLibrary (File: /eda/dk/nangate45/synopsys/NangateOpenCellLibrary_typical_ecsm_nowlm.db)


Operating Conditions: typical   Library: NangateOpenCellLibrary
Wire Load Model Mode: top

Design        Wire Load Model            Library
------------------------------------------------
fpnew_top              5K_hvratio_1_1    NangateOpenCellLibrary


Global Operating Voltage = 1.1  
Power-specific unit information :
    Voltage Units = 1V
    Capacitance Units = 1.000000ff
    Time Units = 1ns
    Dynamic Power Units = 1uW    (derived from V,C,T units)
    Leakage Power Units = 1nW


  Cell Internal Power  = 898.6622 uW   (98%)
  Net Switching Power  =  20.8353 uW    (2%)
                         ---------
Total Dynamic Power    = 919.4974 uW  (100%)

Cell Leakage Power     =  88.8974 uW


                 Internal         Switching           Leakage            Total
Power Group      Power            Power               Power              Power   (   %    )  Attrs
--------------------------------------------------------------------------------------------------
io_pad             0.0000            0.0000            0.0000            0.0000  (   0.00%)
memory             0.0000            0.0000            0.0000            0.0000  (   0.00%)
black_box          0.0000            0.0000            0.0000            0.0000  (   0.00%)
clock_network      0.0000            0.0000            0.0000            0.0000  (   0.00%)
register         879.7984            1.0147        2.0027e+04          900.8401  (  89.33%)
sequential         0.0000            0.0000            0.0000            0.0000  (   0.00%)
combinational     18.8639           19.8205        6.8870e+04          107.5547  (  10.67%)
--------------------------------------------------------------------------------------------------
Total            898.6622 uW        20.8353 uW     8.8897e+04 nW     1.0084e+03 uW
1
