 
****************************************
Report : area
Design : fpnew_top
Version: S-2021.06-SP4
Date   : Thu Nov 30 17:09:11 2023
****************************************

Library(s) Used:

    NangateOpenCellLibrary (File: /eda/dk/nangate45/synopsys/NangateOpenCellLibrary_typical_ecsm_nowlm.db)

Number of ports:                          447
Number of nets:                          3928
Number of cells:                         3453
Number of combinational cells:           3172
Number of sequential cells:               265
Number of macros/black boxes:               0
Number of buf/inv:                        741
Number of references:                      48

Combinational area:               3384.317998
Buf/Inv area:                      437.038001
Noncombinational area:            1410.332046
Macro/Black Box area:                0.000000
Net Interconnect area:      undefined  (Wire load has zero net area)

Total cell area:                  4794.650043
Total area:                 undefined
1
