 
****************************************
Report : area
Design : fpnew_top
Version: S-2021.06-SP4
Date   : Thu Nov 30 15:53:56 2023
****************************************

Library(s) Used:

    NangateOpenCellLibrary (File: /eda/dk/nangate45/synopsys/NangateOpenCellLibrary_typical_ecsm_nowlm.db)

Number of ports:                           96
Number of nets:                          3489
Number of cells:                         3231
Number of combinational cells:           3096
Number of sequential cells:               133
Number of macros/black boxes:               0
Number of buf/inv:                        589
Number of references:                      54

Combinational area:               3397.351996
Buf/Inv area:                      349.258002
Noncombinational area:             710.486023
Macro/Black Box area:                0.000000
Net Interconnect area:      undefined  (Wire load has zero net area)

Total cell area:                  4107.838019
Total area:                 undefined
1
