Information: Propagating switching activity (low effort zero delay simulation). (PWR-6)
Warning: There is no defined clock in the design. (PWR-80)
Warning: Design has unannotated primary inputs. (PWR-414)
 
****************************************
Report : power
        -analysis_effort low
Design : fpnew_top
Version: S-2021.06-SP4
Date   : Thu Nov 30 15:53:57 2023
****************************************


Library(s) Used:

    NangateOpenCellLibrary (File: /eda/dk/nangate45/synopsys/NangateOpenCellLibrary_typical_ecsm_nowlm.db)


Operating Conditions: typical   Library: NangateOpenCellLibrary
Wire Load Model Mode: top

Design        Wire Load Model            Library
------------------------------------------------
fpnew_top              5K_hvratio_1_1    NangateOpenCellLibrary


Global Operating Voltage = 1.1  
Power-specific unit information :
    Voltage Units = 1V
    Capacitance Units = 1.000000ff
    Time Units = 1ns
    Dynamic Power Units = 1uW    (derived from V,C,T units)
    Leakage Power Units = 1nW


  Cell Internal Power  =   8.4670 uW   (65%)
  Net Switching Power  =   4.5480 uW   (35%)
                         ---------
Total Dynamic Power    =  13.0150 uW  (100%)

Cell Leakage Power     =  95.0365 uW


                 Internal         Switching           Leakage            Total
Power Group      Power            Power               Power              Power   (   %    )  Attrs
--------------------------------------------------------------------------------------------------
io_pad             0.0000            0.0000            0.0000            0.0000  (   0.00%)
memory             0.0000            0.0000            0.0000            0.0000  (   0.00%)
black_box          0.0000            0.0000            0.0000            0.0000  (   0.00%)
clock_network      0.0000            0.0000            0.0000            0.0000  (   0.00%)
register           3.3115            0.2687        1.0436e+04           14.0158  (  12.97%)
sequential         0.0000            0.0000            0.0000            0.0000  (   0.00%)
combinational      5.1555            4.2793        8.4601e+04           94.0357  (  87.03%)
--------------------------------------------------------------------------------------------------
Total              8.4670 uW         4.5480 uW     9.5036e+04 nW       108.0515 uW
1
