Warning: There are infeasible paths detected in your design that were ignored during optimization. Please run 'report_timing -attributes' and/or 'create_qor_snapshot/query_qor_snapshot -infeasible_paths' to identify these paths.  (OPT-1721)
 
****************************************
Report : timing
        -path full
        -delay max
        -max_paths 1
Design : fpnew_top
Version: S-2021.06-SP4
Date   : Thu Nov 30 15:53:56 2023
****************************************

Operating Conditions: typical   Library: NangateOpenCellLibrary
Wire Load Model Mode: top

  Startpoint: gen_operation_groups_0__i_opgroup_block_gen_parallel_slices_2__active_format_i_fmt_slice_gen_num_lanes_0__active_lane_lane_instance_i_fma_inp_pipe_operands_q_reg_1__1__1_
              (rising edge-triggered flip-flop clocked by CLK)
  Endpoint: gen_operation_groups_0__i_opgroup_block_gen_parallel_slices_2__active_format_i_fmt_slice_gen_num_lanes_0__active_lane_lane_instance_i_fma_mid_pipe_sum_q_reg_1__6_
            (rising edge-triggered flip-flop clocked by CLK)
  Path Group: CLK
  Path Type: max

  Des/Clust/Port     Wire Load Model       Library
  ------------------------------------------------
  fpnew_top          5K_hvratio_1_1        NangateOpenCellLibrary

  Point                                                   Incr       Path
  --------------------------------------------------------------------------
  clock CLK (rise edge)                                   0.00       0.00
  clock network delay (ideal)                             0.00       0.00
  gen_operation_groups_0__i_opgroup_block_gen_parallel_slices_2__active_format_i_fmt_slice_gen_num_lanes_0__active_lane_lane_instance_i_fma_inp_pipe_operands_q_reg_1__1__1_/CK (DFFR_X1)
                                                          0.00       0.00 r
  gen_operation_groups_0__i_opgroup_block_gen_parallel_slices_2__active_format_i_fmt_slice_gen_num_lanes_0__active_lane_lane_instance_i_fma_inp_pipe_operands_q_reg_1__1__1_/Q (DFFR_X1)
                                                          0.11       0.11 r
  U1652/ZN (NOR2_X1)                                      0.02       0.13 f
  U1495/ZN (AND2_X1)                                      0.03       0.16 f
  U1496/ZN (NAND4_X1)                                     0.04       0.20 r
  U1598/ZN (AND3_X1)                                      0.07       0.27 r
  U2474/ZN (NOR2_X1)                                      0.03       0.29 f
  U2483/ZN (OAI21_X1)                                     0.06       0.35 r
  U2507/ZN (INV_X1)                                       0.03       0.38 f
  U2508/ZN (OAI21_X1)                                     0.05       0.43 r
  U2511/ZN (XNOR2_X1)                                     0.06       0.49 r
  U1114/ZN (AND2_X2)                                      0.05       0.53 r
  U1430/ZN (AND2_X1)                                      0.04       0.58 r
  U2517/ZN (NOR2_X1)                                      0.02       0.60 f
  U2532/ZN (NAND2_X1)                                     0.03       0.63 r
  U1367/ZN (AND2_X1)                                      0.04       0.67 r
  U2551/ZN (OAI21_X1)                                     0.03       0.70 f
  U2561/ZN (XNOR2_X1)                                     0.06       0.76 f
  U1696/ZN (OR2_X1)                                       0.06       0.82 f
  U2586/ZN (OAI21_X2)                                     0.06       0.88 r
  U1151/ZN (AND2_X2)                                      0.10       0.98 r
  U2752/ZN (INV_X2)                                       0.08       1.06 f
  U2840/ZN (NAND2_X1)                                     0.05       1.11 r
  U1253/ZN (OR2_X1)                                       0.04       1.15 r
  U1315/ZN (OAI211_X1)                                    0.06       1.21 f
  U2933/ZN (OAI22_X1)                                     0.07       1.28 r
  U2934/ZN (XNOR2_X1)                                     0.07       1.35 r
  U2935/S (FA_X1)                                         0.12       1.47 f
  U3156/ZN (NAND2_X1)                                     0.04       1.51 r
  U3158/ZN (OAI21_X1)                                     0.05       1.56 f
  U1526/ZN (AOI21_X2)                                     0.07       1.63 r
  U3169/ZN (OAI21_X1)                                     0.04       1.67 f
  U3170/ZN (AOI21_X1)                                     0.06       1.73 r
  U3270/ZN (OAI21_X1)                                     0.03       1.76 f
  U3271/ZN (XNOR2_X1)                                     0.06       1.82 f
  U1408/ZN (OAI21_X1)                                     0.06       1.88 r
  U1409/Z (BUF_X2)                                        0.06       1.94 r
  U3333/ZN (OR2_X1)                                       0.05       1.99 r
  U3335/ZN (OAI211_X1)                                    0.04       2.02 f
  gen_operation_groups_0__i_opgroup_block_gen_parallel_slices_2__active_format_i_fmt_slice_gen_num_lanes_0__active_lane_lane_instance_i_fma_mid_pipe_sum_q_reg_1__6_/D (DFFR_X1)
                                                          0.01       2.03 f
  data arrival time                                                  2.03

  clock CLK (rise edge)                                   0.00       0.00
  clock network delay (ideal)                             0.00       0.00
  gen_operation_groups_0__i_opgroup_block_gen_parallel_slices_2__active_format_i_fmt_slice_gen_num_lanes_0__active_lane_lane_instance_i_fma_mid_pipe_sum_q_reg_1__6_/CK (DFFR_X1)
                                                          0.00       0.00 r
  library setup time                                     -0.04      -0.04
  data required time                                                -0.04
  --------------------------------------------------------------------------
  data required time                                                -0.04
  data arrival time                                                 -2.03
  --------------------------------------------------------------------------
  slack (VIOLATED)                                                  -2.08


1
