 
****************************************
Report : area
Design : fpnew_top
Version: S-2021.06-SP4
Date   : Thu Nov 30 15:42:33 2023
****************************************

Library(s) Used:

    NangateOpenCellLibrary (File: /eda/dk/nangate45/synopsys/NangateOpenCellLibrary_typical_ecsm_nowlm.db)

Number of ports:                          524
Number of nets:                          3250
Number of cells:                         2685
Number of combinational cells:           2404
Number of sequential cells:               259
Number of macros/black boxes:               0
Number of buf/inv:                        561
Number of references:                      52

Combinational area:               2774.379994
Buf/Inv area:                      325.052001
Noncombinational area:            1377.880044
Macro/Black Box area:                0.000000
Net Interconnect area:      undefined  (Wire load has zero net area)

Total cell area:                  4152.260039
Total area:                 undefined
1
