 
****************************************
Report : area
Design : fpnew_top
Version: S-2021.06-SP4
Date   : Thu Nov 30 14:49:18 2023
****************************************

Library(s) Used:

    NangateOpenCellLibrary (File: /eda/dk/nangate45/synopsys/NangateOpenCellLibrary_typical_ecsm_nowlm.db)

Number of ports:                          512
Number of nets:                          3478
Number of cells:                         2918
Number of combinational cells:           2633
Number of sequential cells:               264
Number of macros/black boxes:               0
Number of buf/inv:                        600
Number of references:                      50

Combinational area:               2983.189993
Buf/Inv area:                      345.002001
Noncombinational area:            1404.746045
Macro/Black Box area:                0.000000
Net Interconnect area:      undefined  (Wire load has zero net area)

Total cell area:                  4387.936038
Total area:                 undefined
1
