Information: Propagating switching activity (low effort zero delay simulation). (PWR-6)
Warning: There is no defined clock in the design. (PWR-80)
Warning: Design has unannotated primary inputs. (PWR-414)
Warning: Design has unannotated sequential cell outputs. (PWR-415)
 
****************************************
Report : power
        -analysis_effort low
Design : fpnew_top
Version: S-2021.06-SP4
Date   : Thu Nov 30 11:07:31 2023
****************************************


Library(s) Used:

    NangateOpenCellLibrary (File: /eda/dk/nangate45/synopsys/NangateOpenCellLibrary_typical_ecsm_nowlm.db)


Operating Conditions: typical   Library: NangateOpenCellLibrary
Wire Load Model Mode: top

Design        Wire Load Model            Library
------------------------------------------------
fpnew_top              5K_hvratio_1_1    NangateOpenCellLibrary


Global Operating Voltage = 1.1  
Power-specific unit information :
    Voltage Units = 1V
    Capacitance Units = 1.000000ff
    Time Units = 1ns
    Dynamic Power Units = 1uW    (derived from V,C,T units)
    Leakage Power Units = 1nW


  Cell Internal Power  =  29.0524 uW   (40%)
  Net Switching Power  =  43.0980 uW   (60%)
                         ---------
Total Dynamic Power    =  72.1504 uW  (100%)

Cell Leakage Power     = 103.1491 uW


                 Internal         Switching           Leakage            Total
Power Group      Power            Power               Power              Power   (   %    )  Attrs
--------------------------------------------------------------------------------------------------
io_pad             0.0000            0.0000            0.0000            0.0000  (   0.00%)
memory             0.0000            0.0000            0.0000            0.0000  (   0.00%)
black_box          0.0000            0.0000            0.0000            0.0000  (   0.00%)
clock_network      0.0000            0.0000            0.0000            0.0000  (   0.00%)
register           7.6086            0.1990        2.1284e+04           29.0913  (  16.60%)
sequential         0.0000            0.0000            0.0000            0.0000  (   0.00%)
combinational     21.4438           42.8990        8.1865e+04          146.2081  (  83.40%)
--------------------------------------------------------------------------------------------------
Total             29.0524 uW        43.0980 uW     1.0315e+05 nW       175.2993 uW
1
