 
****************************************
Report : area
Design : fpnew_top
Version: S-2021.06-SP4
Date   : Thu Nov 30 11:07:30 2023
****************************************

Library(s) Used:

    NangateOpenCellLibrary (File: /eda/dk/nangate45/synopsys/NangateOpenCellLibrary_typical_ecsm_nowlm.db)

Number of ports:                          448
Number of nets:                          3901
Number of cells:                         3426
Number of combinational cells:           3144
Number of sequential cells:               265
Number of macros/black boxes:               0
Number of buf/inv:                        714
Number of references:                      51

Combinational area:               3357.983998
Buf/Inv area:                      414.694001
Noncombinational area:            1410.332046
Macro/Black Box area:                0.000000
Net Interconnect area:      undefined  (Wire load has zero net area)

Total cell area:                  4768.316043
Total area:                 undefined
1
