 
****************************************
Report : area
Design : fpnew_top
Version: S-2021.06-SP4
Date   : Thu Nov 30 14:32:40 2023
****************************************

Library(s) Used:

    NangateOpenCellLibrary (File: /eda/dk/nangate45/synopsys/NangateOpenCellLibrary_typical_ecsm_nowlm.db)

Number of ports:                          462
Number of nets:                          3310
Number of cells:                         2827
Number of combinational cells:           2560
Number of sequential cells:               249
Number of macros/black boxes:               0
Number of buf/inv:                        618
Number of references:                      51

Combinational area:               2835.559994
Buf/Inv area:                      359.632001
Noncombinational area:            1324.680043
Macro/Black Box area:                0.000000
Net Interconnect area:      undefined  (Wire load has zero net area)

Total cell area:                  4160.240037
Total area:                 undefined
1
