Information: Propagating switching activity (low effort zero delay simulation). (PWR-6)
Warning: Design has unannotated primary inputs. (PWR-414)
Warning: Design has unannotated sequential cell outputs. (PWR-415)
 
****************************************
Report : power
        -analysis_effort low
Design : fpnew_top
Version: S-2021.06-SP4
Date   : Thu Nov 30 14:32:41 2023
****************************************


Library(s) Used:

    NangateOpenCellLibrary (File: /eda/dk/nangate45/synopsys/NangateOpenCellLibrary_typical_ecsm_nowlm.db)


Operating Conditions: typical   Library: NangateOpenCellLibrary
Wire Load Model Mode: top

Design        Wire Load Model            Library
------------------------------------------------
fpnew_top              5K_hvratio_1_1    NangateOpenCellLibrary


Global Operating Voltage = 1.1  
Power-specific unit information :
    Voltage Units = 1V
    Capacitance Units = 1.000000ff
    Time Units = 1ns
    Dynamic Power Units = 1uW    (derived from V,C,T units)
    Leakage Power Units = 1nW


  Cell Internal Power  = 889.8486 uW   (98%)
  Net Switching Power  =  19.7923 uW    (2%)
                         ---------
Total Dynamic Power    = 909.6409 uW  (100%)

Cell Leakage Power     =  88.2688 uW


                 Internal         Switching           Leakage            Total
Power Group      Power            Power               Power              Power   (   %    )  Attrs
--------------------------------------------------------------------------------------------------
io_pad             0.0000            0.0000            0.0000            0.0000  (   0.00%)
memory             0.0000            0.0000            0.0000            0.0000  (   0.00%)
black_box          0.0000            0.0000            0.0000            0.0000  (   0.00%)
clock_network      0.0000            0.0000            0.0000            0.0000  (   0.00%)
register         872.8032            1.0578        2.0029e+04          893.8900  (  89.58%)
sequential         0.0000            0.0000            0.0000            0.0000  (   0.00%)
combinational     17.0453           18.7345        6.8240e+04          104.0195  (  10.42%)
--------------------------------------------------------------------------------------------------
Total            889.8485 uW        19.7923 uW     8.8269e+04 nW       997.9095 uW
1
