 
****************************************
Report : area
Design : fpnew_top
Version: S-2021.06-SP4
Date   : Sat Dec 16 20:45:09 2023
****************************************

Library(s) Used:

    NangateOpenCellLibrary (File: /eda/dk/nangate45/synopsys/NangateOpenCellLibrary_typical_ecsm_nowlm.db)

Number of ports:                           96
Number of nets:                          3345
Number of cells:                         3116
Number of combinational cells:           2982
Number of sequential cells:               133
Number of macros/black boxes:               0
Number of buf/inv:                        468
Number of references:                      42

Combinational area:               3210.087995
Buf/Inv area:                      271.586001
Noncombinational area:             707.560023
Macro/Black Box area:                0.000000
Net Interconnect area:      undefined  (Wire load has zero net area)

Total cell area:                  3917.648018
Total area:                 undefined
1
