 
****************************************
Report : area
Design : fpnew_top
Version: S-2021.06-SP4
Date   : Fri Nov 24 12:43:00 2023
****************************************

Library(s) Used:

    NangateOpenCellLibrary (File: /eda/dk/nangate45/synopsys/NangateOpenCellLibrary_typical_ecsm_nowlm.db)

Number of ports:                           96
Number of nets:                          1899
Number of cells:                         1659
Number of combinational cells:           1524
Number of sequential cells:               133
Number of macros/black boxes:               0
Number of buf/inv:                        244
Number of references:                      50

Combinational area:               2050.594008
Buf/Inv area:                      133.000001
Noncombinational area:             710.220023
Macro/Black Box area:                0.000000
Net Interconnect area:      undefined  (Wire load has zero net area)

Total cell area:                  2760.814031
Total area:                 undefined
1
