 
****************************************
Report : area
Design : fpnew_top
Version: S-2021.06-SP4
Date   : Tue Nov 28 10:44:16 2023
****************************************

Library(s) Used:

    NangateOpenCellLibrary (File: /eda/dk/nangate45/synopsys/NangateOpenCellLibrary_typical_ecsm_nowlm.db)

Number of ports:                          485
Number of nets:                          2526
Number of cells:                         1959
Number of combinational cells:           1686
Number of sequential cells:               256
Number of macros/black boxes:               0
Number of buf/inv:                        328
Number of references:                      44

Combinational area:               2306.752002
Buf/Inv area:                      178.220002
Noncombinational area:            1361.920044
Macro/Black Box area:                0.000000
Net Interconnect area:      undefined  (Wire load has zero net area)

Total cell area:                  3668.672046
Total area:                 undefined
1
