 
****************************************
Report : area
Design : fpnew_top
Version: S-2021.06-SP4
Date   : Tue Nov 28 10:47:05 2023
****************************************

Library(s) Used:

    NangateOpenCellLibrary (File: /eda/dk/nangate45/synopsys/NangateOpenCellLibrary_typical_ecsm_nowlm.db)

Number of ports:                          485
Number of nets:                          2525
Number of cells:                         1959
Number of combinational cells:           1686
Number of sequential cells:               256
Number of macros/black boxes:               0
Number of buf/inv:                        329
Number of references:                      39

Combinational area:               2303.826002
Buf/Inv area:                      177.688001
Noncombinational area:            1361.920044
Macro/Black Box area:                0.000000
Net Interconnect area:      undefined  (Wire load has zero net area)

Total cell area:                  3665.746046
Total area:                 undefined
1
