 
****************************************
Report : area
Design : fpnew_top
Version: S-2021.06-SP4
Date   : Fri Nov 24 13:26:26 2023
****************************************

Library(s) Used:

    NangateOpenCellLibrary (File: /eda/dk/nangate45/synopsys/NangateOpenCellLibrary_typical_ecsm_nowlm.db)

Number of ports:                          423
Number of nets:                          2373
Number of cells:                         1877
Number of combinational cells:           1608
Number of sequential cells:               256
Number of macros/black boxes:               0
Number of buf/inv:                        322
Number of references:                      39

Combinational area:               2226.154006
Buf/Inv area:                      173.964001
Noncombinational area:            1361.920044
Macro/Black Box area:                0.000000
Net Interconnect area:      undefined  (Wire load has zero net area)

Total cell area:                  3588.074050
Total area:                 undefined
1
